  speechManager.cpp
c:\mycode\stl初识\基于stl的演讲比赛流程管理系统\speechmanager.cpp(266): warning C4267: “=”: 从“size_t”转换到“int”，可能丢失数据
c:\program files (x86)\microsoft visual studio\2017\professional\vc\tools\msvc\14.16.27023\include\numeric(26): warning C4244: “=”: 从“double”转换到“_Ty”，可能丢失数据
          with
          [
              _Ty=float
          ]
  c:\program files (x86)\microsoft visual studio\2017\professional\vc\tools\msvc\14.16.27023\include\numeric(36): note: 参见对正在编译的函数 模板 实例化“_Ty std::accumulate<_InIt,_Ty,std::plus<void>>(const _InIt,const _InIt,_Ty,_Fn)”的引用
          with
          [
              _Ty=float,
              _InIt=std::_Deque_iterator<std::_Deque_val<std::_Deque_simple_types<double>>>,
              _Fn=std::plus<void>
          ]
  c:\mycode\stl初识\基于stl的演讲比赛流程管理系统\speechmanager.cpp(154): note: 参见对正在编译的函数 模板 实例化“_Ty std::accumulate<std::_Deque_iterator<std::_Deque_val<std::_Deque_simple_types<double>>>,float>(const _InIt,const _InIt,_Ty)”的引用
          with
          [
              _Ty=float,
              _InIt=std::_Deque_iterator<std::_Deque_val<std::_Deque_simple_types<double>>>
          ]
  演讲比赛流程管理系统.cpp
  正在生成代码...
  基于STL的演讲比赛流程管理系统.vcxproj -> C:\MyCode\STL初识\x64\Debug\基于STL的演讲比赛流程管理系统.exe
